<?xml version="1.0" encoding="UTF-8"?>
<testsuite name="com.example.rentCD.RentCdApplicationTests" tests="1" skipped="0" failures="0" errors="0" timestamp="2019-05-15T18:28:51" hostname="DESKTOP-E446K5N" time="0.049">
  <properties/>
  <testcase name="contextLoads" classname="com.example.rentCD.RentCdApplicationTests" time="0.049"/>
  <system-out><![CDATA[20:28:47.033 [Test worker] DEBUG org.springframework.test.context.junit4.SpringJUnit4ClassRunner - SpringJUnit4ClassRunner constructor called with [class com.example.rentCD.RentCdApplicationTests]
20:28:47.038 [Test worker] DEBUG org.springframework.test.context.BootstrapUtils - Instantiating CacheAwareContextLoaderDelegate from class [org.springframework.test.context.cache.DefaultCacheAwareContextLoaderDelegate]
20:28:47.053 [Test worker] DEBUG org.springframework.test.context.BootstrapUtils - Instantiating BootstrapContext using constructor [public org.springframework.test.context.support.DefaultBootstrapContext(java.lang.Class,org.springframework.test.context.CacheAwareContextLoaderDelegate)]
20:28:47.079 [Test worker] DEBUG org.springframework.test.context.BootstrapUtils - Instantiating TestContextBootstrapper for test class [com.example.rentCD.RentCdApplicationTests] from class [org.springframework.boot.test.context.SpringBootTestContextBootstrapper]
20:28:47.084 [Test worker] INFO org.springframework.boot.test.context.SpringBootTestContextBootstrapper - Neither @ContextConfiguration nor @ContextHierarchy found for test class [com.example.rentCD.RentCdApplicationTests], using SpringBootContextLoader
20:28:47.094 [Test worker] DEBUG org.springframework.test.context.support.AbstractContextLoader - Did not detect default resource location for test class [com.example.rentCD.RentCdApplicationTests]: class path resource [com/example/rentCD/RentCdApplicationTests-context.xml] does not exist
20:28:47.094 [Test worker] DEBUG org.springframework.test.context.support.AbstractContextLoader - Did not detect default resource location for test class [com.example.rentCD.RentCdApplicationTests]: class path resource [com/example/rentCD/RentCdApplicationTestsContext.groovy] does not exist
20:28:47.094 [Test worker] INFO org.springframework.test.context.support.AbstractContextLoader - Could not detect default resource locations for test class [com.example.rentCD.RentCdApplicationTests]: no resource found for suffixes {-context.xml, Context.groovy}.
20:28:47.094 [Test worker] INFO org.springframework.test.context.support.AnnotationConfigContextLoaderUtils - Could not detect default configuration classes for test class [com.example.rentCD.RentCdApplicationTests]: RentCdApplicationTests does not declare any static, non-private, non-final, nested classes annotated with @Configuration.
20:28:47.133 [Test worker] DEBUG org.springframework.test.context.support.ActiveProfilesUtils - Could not find an 'annotation declaring class' for annotation type [org.springframework.test.context.ActiveProfiles] and class [com.example.rentCD.RentCdApplicationTests]
20:28:47.198 [Test worker] DEBUG org.springframework.context.annotation.ClassPathScanningCandidateComponentProvider - Identified candidate component class: file [C:\Users\Alexis\Desktop\AJD\rentCD\build\classes\java\main\com\example\rentCD\RentCdApplication.class]
20:28:47.203 [Test worker] INFO org.springframework.boot.test.context.SpringBootTestContextBootstrapper - Found @SpringBootConfiguration com.example.rentCD.RentCdApplication for test class com.example.rentCD.RentCdApplicationTests
20:28:47.299 [Test worker] DEBUG org.springframework.boot.test.context.SpringBootTestContextBootstrapper - @TestExecutionListeners is not present for class [com.example.rentCD.RentCdApplicationTests]: using defaults.
20:28:47.299 [Test worker] INFO org.springframework.boot.test.context.SpringBootTestContextBootstrapper - Loaded default TestExecutionListener class names from location [META-INF/spring.factories]: [org.springframework.boot.test.autoconfigure.restdocs.RestDocsTestExecutionListener, org.springframework.boot.test.autoconfigure.web.client.MockRestServiceServerResetTestExecutionListener, org.springframework.boot.test.autoconfigure.web.servlet.MockMvcPrintOnlyOnFailureTestExecutionListener, org.springframework.boot.test.autoconfigure.web.servlet.WebDriverTestExecutionListener, org.springframework.boot.test.mock.mockito.MockitoTestExecutionListener, org.springframework.boot.test.mock.mockito.ResetMocksTestExecutionListener, org.springframework.test.context.web.ServletTestExecutionListener, org.springframework.test.context.support.DirtiesContextBeforeModesTestExecutionListener, org.springframework.test.context.support.DependencyInjectionTestExecutionListener, org.springframework.test.context.support.DirtiesContextTestExecutionListener, org.springframework.test.context.transaction.TransactionalTestExecutionListener, org.springframework.test.context.jdbc.SqlScriptsTestExecutionListener]
20:28:47.314 [Test worker] INFO org.springframework.boot.test.context.SpringBootTestContextBootstrapper - Using TestExecutionListeners: [org.springframework.test.context.web.ServletTestExecutionListener@7ffc73d0, org.springframework.test.context.support.DirtiesContextBeforeModesTestExecutionListener@1c20ea32, org.springframework.boot.test.mock.mockito.MockitoTestExecutionListener@6428a648, org.springframework.boot.test.autoconfigure.SpringBootDependencyInjectionTestExecutionListener@24fc0c1e, org.springframework.test.context.support.DirtiesContextTestExecutionListener@388299a2, org.springframework.test.context.transaction.TransactionalTestExecutionListener@23e895fa, org.springframework.test.context.jdbc.SqlScriptsTestExecutionListener@2d36d29, org.springframework.boot.test.autoconfigure.restdocs.RestDocsTestExecutionListener@468b0d91, org.springframework.boot.test.autoconfigure.web.client.MockRestServiceServerResetTestExecutionListener@6ae8d36b, org.springframework.boot.test.autoconfigure.web.servlet.MockMvcPrintOnlyOnFailureTestExecutionListener@dc8cc89, org.springframework.boot.test.autoconfigure.web.servlet.WebDriverTestExecutionListener@14eb423c, org.springframework.boot.test.mock.mockito.ResetMocksTestExecutionListener@a9222b5]
20:28:47.316 [Test worker] DEBUG org.springframework.test.annotation.ProfileValueUtils - Retrieved @ProfileValueSourceConfiguration [null] for test class [com.example.rentCD.RentCdApplicationTests]
20:28:47.316 [Test worker] DEBUG org.springframework.test.annotation.ProfileValueUtils - Retrieved ProfileValueSource type [class org.springframework.test.annotation.SystemProfileValueSource] for class [com.example.rentCD.RentCdApplicationTests]
20:28:47.316 [Test worker] DEBUG org.springframework.test.annotation.ProfileValueUtils - Retrieved @ProfileValueSourceConfiguration [null] for test class [com.example.rentCD.RentCdApplicationTests]
20:28:47.316 [Test worker] DEBUG org.springframework.test.annotation.ProfileValueUtils - Retrieved ProfileValueSource type [class org.springframework.test.annotation.SystemProfileValueSource] for class [com.example.rentCD.RentCdApplicationTests]
20:28:47.324 [Test worker] DEBUG org.springframework.test.context.support.AbstractDirtiesContextTestExecutionListener - Before test class: context [DefaultTestContext@527db93a testClass = RentCdApplicationTests, testInstance = [null], testMethod = [null], testException = [null], mergedContextConfiguration = [WebMergedContextConfiguration@46cd3c62 testClass = RentCdApplicationTests, locations = '{}', classes = '{class com.example.rentCD.RentCdApplication}', contextInitializerClasses = '[]', activeProfiles = '{}', propertySourceLocations = '{}', propertySourceProperties = '{org.springframework.boot.test.context.SpringBootTestContextBootstrapper=true}', contextCustomizers = set[org.springframework.boot.test.autoconfigure.properties.PropertyMappingContextCustomizer@0, org.springframework.boot.test.autoconfigure.web.servlet.WebDriverContextCustomizerFactory$Customizer@101e5dc0, org.springframework.boot.test.context.filter.ExcludeFilterContextCustomizer@593f104f, org.springframework.boot.test.json.DuplicateJsonObjectContextCustomizerFactory$DuplicateJsonObjectContextCustomizer@70237e89, org.springframework.boot.test.mock.mockito.MockitoContextCustomizer@0, org.springframework.boot.test.web.client.TestRestTemplateContextCustomizer@7d9b9e96], resourceBasePath = 'src/main/webapp', contextLoader = 'org.springframework.boot.test.context.SpringBootContextLoader', parent = [null]], attributes = map['org.springframework.test.context.web.ServletTestExecutionListener.activateListener' -> true]], class annotated with @DirtiesContext [false] with mode [null].
20:28:47.324 [Test worker] DEBUG org.springframework.test.annotation.ProfileValueUtils - Retrieved @ProfileValueSourceConfiguration [null] for test class [com.example.rentCD.RentCdApplicationTests]
20:28:47.324 [Test worker] DEBUG org.springframework.test.annotation.ProfileValueUtils - Retrieved ProfileValueSource type [class org.springframework.test.annotation.SystemProfileValueSource] for class [com.example.rentCD.RentCdApplicationTests]
20:28:47.339 [Test worker] DEBUG org.springframework.test.context.support.TestPropertySourceUtils - Adding inlined properties to environment: {spring.jmx.enabled=false, org.springframework.boot.test.context.SpringBootTestContextBootstrapper=true, server.port=-1}

  .   ____          _            __ _ _
 /\\ / ___'_ __ _ _(_)_ __  __ _ \ \ \ \
( ( )\___ | '_ | '_| | '_ \/ _` | \ \ \ \
 \\/  ___)| |_)| | | | | || (_| |  ) ) ) )
  '  |____| .__|_| |_|_| |_\__, | / / / /
 =========|_|==============|___/=/_/_/_/
 :: Spring Boot ::        (v2.1.4.RELEASE)

2019-05-15 20:28:47.554  INFO 6616 --- [    Test worker] c.example.rentCD.RentCdApplicationTests  : Starting RentCdApplicationTests on DESKTOP-E446K5N with PID 6616 (started by Alexis in C:\Users\Alexis\Desktop\AJD\rentCD)
2019-05-15 20:28:47.554  INFO 6616 --- [    Test worker] c.example.rentCD.RentCdApplicationTests  : No active profile set, falling back to default profiles: default
2019-05-15 20:28:48.254  INFO 6616 --- [    Test worker] .s.d.r.c.RepositoryConfigurationDelegate : Bootstrapping Spring Data repositories in DEFAULT mode.
2019-05-15 20:28:48.314  INFO 6616 --- [    Test worker] .s.d.r.c.RepositoryConfigurationDelegate : Finished Spring Data repository scanning in 50ms. Found 2 repository interfaces.
2019-05-15 20:28:48.658  INFO 6616 --- [    Test worker] trationDelegate$BeanPostProcessorChecker : Bean 'org.springframework.transaction.annotation.ProxyTransactionManagementConfiguration' of type [org.springframework.transaction.annotation.ProxyTransactionManagementConfiguration$$EnhancerBySpringCGLIB$$d9d1c08e] is not eligible for getting processed by all BeanPostProcessors (for example: not eligible for auto-proxying)
2019-05-15 20:28:48.839  INFO 6616 --- [    Test worker] com.zaxxer.hikari.HikariDataSource       : HikariPool-1 - Starting...
2019-05-15 20:28:49.039  INFO 6616 --- [    Test worker] com.zaxxer.hikari.HikariDataSource       : HikariPool-1 - Start completed.
2019-05-15 20:28:49.119  INFO 6616 --- [    Test worker] o.hibernate.jpa.internal.util.LogHelper  : HHH000204: Processing PersistenceUnitInfo [
	name: default
	...]
2019-05-15 20:28:49.183  INFO 6616 --- [    Test worker] org.hibernate.Version                    : HHH000412: Hibernate Core {5.3.9.Final}
2019-05-15 20:28:49.188  INFO 6616 --- [    Test worker] org.hibernate.cfg.Environment            : HHH000206: hibernate.properties not found
2019-05-15 20:28:49.324  INFO 6616 --- [    Test worker] o.hibernate.annotations.common.Version   : HCANN000001: Hibernate Commons Annotations {5.0.4.Final}
2019-05-15 20:28:49.474  INFO 6616 --- [    Test worker] org.hibernate.dialect.Dialect            : HHH000400: Using dialect: org.hibernate.dialect.H2Dialect
2019-05-15 20:28:50.114  INFO 6616 --- [    Test worker] o.h.t.schema.internal.SchemaCreatorImpl  : HHH000476: Executing import script 'org.hibernate.tool.schema.internal.exec.ScriptSourceInputNonExistentImpl@130396ec'
2019-05-15 20:28:50.114  INFO 6616 --- [    Test worker] j.LocalContainerEntityManagerFactoryBean : Initialized JPA EntityManagerFactory for persistence unit 'default'
2019-05-15 20:28:50.984  INFO 6616 --- [    Test worker] o.s.s.concurrent.ThreadPoolTaskExecutor  : Initializing ExecutorService 'applicationTaskExecutor'
2019-05-15 20:28:51.045  WARN 6616 --- [    Test worker] aWebConfiguration$JpaWebMvcConfiguration : spring.jpa.open-in-view is enabled by default. Therefore, database queries may be performed during view rendering. Explicitly configure spring.jpa.open-in-view to disable this warning
2019-05-15 20:28:51.477  INFO 6616 --- [    Test worker] c.example.rentCD.RentCdApplicationTests  : Started RentCdApplicationTests in 4.133 seconds (JVM running for 6.325)
2019-05-15 20:28:51.485  INFO 6616 --- [    Test worker] com.example.rentCD.RentCdApplication     : Tue Oct 09 00:00:00 CEST 2018
]]></system-out>
  <system-err><![CDATA[]]></system-err>
</testsuite>
